2026-03-03 12:56:41.041 [info] Reading sessions from keychain...
2026-03-03 12:56:41.041 [info] Getting sessions for all scopes...
2026-03-03 12:56:41.041 [info] Got stored sessions!
2026-03-03 12:56:41.041 [info] Got 2 verified sessions.
2026-03-03 12:56:41.041 [info] Got 2 sessions for ...
2026-03-03 12:56:41.041 [info] Getting sessions for all scopes...
2026-03-03 12:56:41.041 [info] Got 2 sessions for ...
2026-03-03 12:56:41.041 [info] Getting sessions for all scopes...
2026-03-03 12:56:41.041 [info] Got 2 sessions for ...
2026-03-03 12:56:41.041 [info] Getting sessions for all scopes...
2026-03-03 12:56:41.041 [info] Got 2 sessions for ...
2026-03-03 12:56:41.041 [info] Getting sessions for user:email...
2026-03-03 12:56:41.041 [info] Got 1 sessions for user:email...
2026-03-03 12:56:41.041 [info] Getting sessions for all scopes...
2026-03-03 12:56:41.041 [info] Got 2 sessions for ...
2026-03-03 12:56:41.041 [info] Getting sessions for all scopes...
2026-03-03 12:56:41.041 [info] Got 2 sessions for ...
2026-03-03 12:56:41.041 [info] Getting sessions for all scopes...
2026-03-03 12:56:41.041 [info] Got 2 sessions for ...
2026-03-03 12:56:41.041 [info] Getting sessions for all scopes...
2026-03-03 12:56:41.041 [info] Got 2 sessions for ...
2026-03-03 12:56:41.222 [info] Getting sessions for read:user,repo,user:email,workflow...
2026-03-03 12:56:41.222 [info] Got 1 sessions for read:user,repo,user:email,workflow...
2026-03-03 12:56:42.679 [info] Getting sessions for all scopes...
2026-03-03 12:56:42.679 [info] Got 2 sessions for ...
2026-03-03 12:56:42.927 [info] Getting sessions for read:user,repo,user:email,workflow...
2026-03-03 12:56:42.927 [info] Got 1 sessions for read:user,repo,user:email,workflow...
2026-03-03 12:56:42.928 [info] Getting sessions for user:email...
2026-03-03 12:56:42.928 [info] Got 1 sessions for user:email...
2026-03-03 12:56:43.579 [info] FetcherService: Electron fetch failed with status: 429 
2026-03-03 12:56:43.582 [info] Unable to resolve optional EDU details. Status: 429 
2026-03-03 12:56:43.660 [info] Getting sessions for all scopes...
2026-03-03 12:56:43.660 [info] Got 2 sessions for ...
2026-03-03 12:56:43.660 [info] Getting sessions for all scopes...
2026-03-03 12:56:43.660 [info] Got 2 sessions for ...
2026-03-03 12:56:43.743 [info] Getting sessions for read:user,repo,user:email,workflow...
2026-03-03 12:56:43.743 [info] Got 1 sessions for read:user,repo,user:email,workflow...
2026-03-03 12:56:43.967 [info] Getting sessions for all scopes...
2026-03-03 12:56:43.967 [info] Got 2 sessions for ...
2026-03-03 12:56:43.967 [info] Getting sessions for all scopes...
2026-03-03 12:56:43.967 [info] Got 2 sessions for ...
2026-03-03 12:56:44.001 [info] Getting sessions for read:user,repo,user:email,workflow...
2026-03-03 12:56:44.001 [info] Got 1 sessions for read:user,repo,user:email,workflow...
2026-03-03 12:56:44.383 [info] Getting sessions for all scopes...
2026-03-03 12:56:44.383 [info] Got 2 sessions for ...
2026-03-03 12:56:44.401 [info] Getting sessions for all scopes...
2026-03-03 12:56:44.401 [info] Got 2 sessions for ...
2026-03-03 12:56:44.450 [info] Getting sessions for all scopes...
2026-03-03 12:56:44.450 [info] Got 2 sessions for ...
2026-03-03 12:56:44.480 [info] Getting sessions for read:user,repo,user:email,workflow...
2026-03-03 12:56:44.480 [info] Got 1 sessions for read:user,repo,user:email,workflow...
2026-03-03 13:04:24.945 [info] Getting sessions for all scopes...
2026-03-03 13:04:24.945 [info] Got 2 sessions for ...
2026-03-03 13:04:24.945 [info] Getting sessions for all scopes...
2026-03-03 13:04:24.945 [info] Got 2 sessions for ...
2026-03-03 13:04:27.803 [info] Getting sessions for all scopes...
2026-03-03 13:04:27.803 [info] Got 2 sessions for ...
2026-03-03 13:04:27.803 [info] Getting sessions for all scopes...
2026-03-03 13:04:27.803 [info] Got 2 sessions for ...
2026-03-03 13:08:30.149 [info] Getting sessions for all scopes...
2026-03-03 13:08:30.149 [info] Got 2 sessions for ...
2026-03-03 13:08:30.150 [info] Getting sessions for all scopes...
2026-03-03 13:08:30.150 [info] Got 2 sessions for ...
