2026-02-09 14:55:59.170 [info] Reading sessions from keychain...
2026-02-09 14:55:59.211 [info] Getting sessions for all scopes...
2026-02-09 14:55:59.211 [info] Got 0 sessions for ...
2026-02-09 14:55:59.211 [info] Getting sessions for all scopes...
2026-02-09 14:55:59.211 [info] Got 0 sessions for ...
2026-02-09 14:55:59.211 [info] Getting sessions for all scopes...
2026-02-09 14:55:59.211 [info] Got 0 sessions for ...
2026-02-09 14:55:59.239 [info] Getting sessions for all scopes...
2026-02-09 14:55:59.239 [info] Got 0 sessions for ...
2026-02-09 14:55:59.309 [info] Getting sessions for all scopes...
2026-02-09 14:55:59.309 [info] Got 0 sessions for ...
2026-02-09 14:56:01.132 [info] Getting sessions for all scopes...
2026-02-09 14:56:01.132 [info] Got 0 sessions for ...
2026-02-09 14:56:07.803 [info] Logging in with 'any' account...
2026-02-09 14:56:07.803 [info] Logging in for the following scopes: read:user repo user:email workflow
2026-02-09 14:56:07.840 [info] Trying with local server... (read:user repo user:email workflow)
2026-02-09 14:56:14.129 [info] Exchanging code for token...
2026-02-09 14:56:15.237 [info] Token exchange success!
2026-02-09 14:56:15.237 [info] Getting user info...
2026-02-09 14:56:15.753 [info] Got account info!
2026-02-09 14:56:15.754 [info] Storing 1 sessions...
2026-02-09 14:56:16.668 [info] FetcherService: Electron fetch failed with status: 429 
2026-02-09 14:56:16.668 [info] Unable to resolve optional EDU details. Status: 429 
2026-02-09 14:56:23.132 [info] Reading sessions from keychain...
2026-02-09 14:56:23.133 [info] Stored 1 sessions!
2026-02-09 14:56:23.133 [info] Login success!
2026-02-09 14:56:23.134 [info] Got stored sessions!
2026-02-09 14:56:23.134 [info] Got 1 verified sessions.
2026-02-09 14:56:23.234 [info] Getting sessions for all scopes...
2026-02-09 14:56:23.234 [info] Got 1 sessions for ...
2026-02-09 14:56:23.235 [info] Getting sessions for all scopes...
2026-02-09 14:56:23.235 [info] Got 1 sessions for ...
2026-02-09 14:56:26.744 [info] Getting sessions for all scopes...
2026-02-09 14:56:26.744 [info] Got 1 sessions for ...
2026-02-09 14:56:26.745 [info] Getting sessions for all scopes...
2026-02-09 14:56:26.745 [info] Got 1 sessions for ...
2026-02-09 14:56:33.283 [info] Getting sessions for all scopes...
2026-02-09 14:56:33.283 [info] Got 1 sessions for ...
2026-02-09 14:56:33.284 [info] Getting sessions for all scopes...
2026-02-09 14:56:33.284 [info] Got 1 sessions for ...
2026-02-09 14:56:36.623 [info] Getting sessions for all scopes...
2026-02-09 14:56:36.623 [info] Got 1 sessions for ...
2026-02-09 14:56:36.624 [info] Getting sessions for all scopes...
2026-02-09 14:56:36.624 [info] Got 1 sessions for ...
2026-02-09 14:56:36.735 [info] Getting sessions for read:user,repo,user:email,workflow...
2026-02-09 14:56:36.735 [info] Got 1 sessions for read:user,repo,user:email,workflow...
2026-02-09 14:56:36.741 [info] Getting sessions for all scopes...
2026-02-09 14:56:36.741 [info] Got 1 sessions for ...
2026-02-09 14:56:36.741 [info] Getting sessions for read:user,repo,user:email,workflow...
2026-02-09 14:56:36.741 [info] Got 1 sessions for read:user,repo,user:email,workflow...
2026-02-09 14:56:37.021 [info] Getting sessions for all scopes...
2026-02-09 14:56:37.021 [info] Got 1 sessions for ...
2026-02-09 14:56:37.022 [info] Getting sessions for all scopes...
2026-02-09 14:56:37.022 [info] Got 1 sessions for ...
2026-02-09 14:56:37.145 [info] Getting sessions for read:user,repo,user:email,workflow...
2026-02-09 14:56:37.145 [info] Got 1 sessions for read:user,repo,user:email,workflow...
2026-02-09 14:56:37.366 [info] Getting sessions for all scopes...
2026-02-09 14:56:37.366 [info] Got 1 sessions for ...
2026-02-09 14:56:37.366 [info] Getting sessions for all scopes...
2026-02-09 14:56:37.366 [info] Got 1 sessions for ...
2026-02-09 14:56:37.366 [info] Getting sessions for read:user,repo,user:email,workflow...
2026-02-09 14:56:37.366 [info] Got 1 sessions for read:user,repo,user:email,workflow...
2026-02-09 14:56:37.429 [info] Getting sessions for all scopes...
2026-02-09 14:56:37.429 [info] Got 1 sessions for ...
2026-02-09 14:56:37.429 [info] Getting sessions for all scopes...
2026-02-09 14:56:37.429 [info] Got 1 sessions for ...
2026-02-09 14:56:37.431 [info] Getting sessions for read:user,repo,user:email,workflow...
2026-02-09 14:56:37.431 [info] Got 1 sessions for read:user,repo,user:email,workflow...
2026-02-09 14:56:37.525 [info] Getting sessions for all scopes...
2026-02-09 14:56:37.525 [info] Got 1 sessions for ...
2026-02-09 14:56:37.526 [info] Getting sessions for all scopes...
2026-02-09 14:56:37.526 [info] Got 1 sessions for ...
2026-02-09 14:56:37.797 [info] Getting sessions for all scopes...
2026-02-09 14:56:37.797 [info] Got 1 sessions for ...
2026-02-09 14:56:37.798 [info] Getting sessions for read:user,repo,user:email,workflow...
2026-02-09 14:56:37.798 [info] Got 1 sessions for read:user,repo,user:email,workflow...
2026-02-09 14:56:38.206 [info] Getting sessions for all scopes...
2026-02-09 14:56:38.206 [info] Got 1 sessions for ...
2026-02-09 14:56:38.206 [info] Getting sessions for read:user,repo,user:email,workflow...
2026-02-09 14:56:38.206 [info] Got 1 sessions for read:user,repo,user:email,workflow...
2026-02-09 14:56:41.608 [info] Getting sessions for all scopes...
2026-02-09 14:56:41.608 [info] Got 1 sessions for ...
2026-02-09 14:56:41.608 [info] Getting sessions for all scopes...
2026-02-09 14:56:41.608 [info] Got 1 sessions for ...
2026-02-09 14:57:14.247 [info] Getting sessions for all scopes...
2026-02-09 14:57:14.247 [info] Got 1 sessions for ...
2026-02-09 14:57:14.248 [info] Getting sessions for all scopes...
2026-02-09 14:57:14.248 [info] Got 1 sessions for ...
