2026-03-03 12:56:42.738 [info] [main] Log level: Info
2026-03-03 12:56:42.738 [info] [main] Validating found git in: "git"
2026-03-03 12:56:42.738 [info] [main] Using git "2.53.0" from "git"
2026-03-03 12:56:42.738 [info] [Model][doInitialScan] Initial repository scan started
2026-03-03 12:56:42.738 [info] > git rev-parse --show-toplevel [15ms]
2026-03-03 12:56:42.738 [info] fatal: not a git repository (or any of the parent directories): .git
2026-03-03 12:56:42.738 [info] > git rev-parse --show-toplevel [3ms]
2026-03-03 12:56:42.738 [info] fatal: not a git repository (or any of the parent directories): .git
2026-03-03 12:56:42.738 [info] [Model][doInitialScan] Initial repository scan completed - repositories (0), closed repositories (0), parent repositories (0), unsafe repositories (0)
2026-03-03 12:56:42.738 [info] > git rev-parse --show-toplevel [48ms]
2026-03-03 12:56:42.738 [info] fatal: not a git repository (or any of the parent directories): .git
2026-03-03 12:56:42.751 [info] > git rev-parse --show-toplevel [6ms]
2026-03-03 12:56:42.751 [info] fatal: not a git repository (or any of the parent directories): .git
2026-03-03 12:56:44.420 [info] > git rev-parse --show-toplevel [5ms]
2026-03-03 12:56:44.420 [info] fatal: not a git repository (or any of the parent directories): .git
2026-03-03 12:56:50.468 [info] > git rev-parse --show-toplevel [2ms]
2026-03-03 12:56:50.468 [info] fatal: not a git repository (or any of the parent directories): .git
2026-03-03 12:57:10.376 [info] > git rev-parse --show-toplevel [2ms]
2026-03-03 12:57:10.376 [info] fatal: not a git repository (or any of the parent directories): .git
2026-03-03 13:00:31.550 [info] > git rev-parse --show-toplevel [1ms]
2026-03-03 13:00:31.550 [info] fatal: not a git repository (or any of the parent directories): .git
2026-03-03 13:01:07.186 [info] > git rev-parse --show-toplevel [1ms]
2026-03-03 13:01:07.186 [info] fatal: not a git repository (or any of the parent directories): .git
