2026-02-09 15:04:32.483 [info] Reading sessions from keychain...
2026-02-09 15:04:32.483 [info] Got stored sessions!
2026-02-09 15:04:32.483 [info] Got 1 verified sessions.
2026-02-09 15:04:32.483 [info] Getting sessions for all scopes...
2026-02-09 15:04:32.483 [info] Got 1 sessions for ...
2026-02-09 15:04:32.483 [info] Getting sessions for all scopes...
2026-02-09 15:04:32.483 [info] Got 1 sessions for ...
2026-02-09 15:04:32.483 [info] Getting sessions for all scopes...
2026-02-09 15:04:32.483 [info] Got 1 sessions for ...
2026-02-09 15:04:32.483 [info] Getting sessions for all scopes...
2026-02-09 15:04:32.483 [info] Got 1 sessions for ...
2026-02-09 15:04:32.483 [info] Getting sessions for all scopes...
2026-02-09 15:04:32.483 [info] Got 1 sessions for ...
2026-02-09 15:04:32.483 [info] Getting sessions for all scopes...
2026-02-09 15:04:32.483 [info] Got 1 sessions for ...
2026-02-09 15:04:32.483 [info] Getting sessions for all scopes...
2026-02-09 15:04:32.483 [info] Got 1 sessions for ...
2026-02-09 15:04:32.483 [info] Getting sessions for read:user,repo,user:email,workflow...
2026-02-09 15:04:32.483 [info] Got 1 sessions for read:user,repo,user:email,workflow...
2026-02-09 15:04:32.491 [info] Getting sessions for all scopes...
2026-02-09 15:04:32.491 [info] Got 1 sessions for ...
2026-02-09 15:04:32.491 [info] Getting sessions for read:user,repo,user:email,workflow...
2026-02-09 15:04:32.491 [info] Got 1 sessions for read:user,repo,user:email,workflow...
2026-02-09 15:04:32.791 [info] Getting sessions for all scopes...
2026-02-09 15:04:32.791 [info] Got 1 sessions for ...
2026-02-09 15:04:32.791 [info] Getting sessions for all scopes...
2026-02-09 15:04:32.791 [info] Got 1 sessions for ...
2026-02-09 15:04:32.792 [info] Getting sessions for read:user,repo,user:email,workflow...
2026-02-09 15:04:32.792 [info] Got 1 sessions for read:user,repo,user:email,workflow...
2026-02-09 15:04:33.623 [info] Getting sessions for all scopes...
2026-02-09 15:04:33.623 [info] Got 1 sessions for ...
2026-02-09 15:04:33.756 [info] Getting sessions for all scopes...
2026-02-09 15:04:33.756 [info] Got 1 sessions for ...
2026-02-09 15:04:33.756 [info] Getting sessions for all scopes...
2026-02-09 15:04:33.756 [info] Got 1 sessions for ...
2026-02-09 15:04:33.763 [info] Getting sessions for read:user,repo,user:email,workflow...
2026-02-09 15:04:33.763 [info] Got 1 sessions for read:user,repo,user:email,workflow...
2026-02-09 15:04:33.811 [info] Getting sessions for all scopes...
2026-02-09 15:04:33.812 [info] Got 1 sessions for ...
2026-02-09 15:04:33.812 [info] Getting sessions for all scopes...
2026-02-09 15:04:33.812 [info] Got 1 sessions for ...
2026-02-09 15:04:33.813 [info] Getting sessions for read:user,repo,user:email,workflow...
2026-02-09 15:04:33.813 [info] Got 1 sessions for read:user,repo,user:email,workflow...
2026-02-09 15:04:34.141 [info] Getting sessions for all scopes...
2026-02-09 15:04:34.141 [info] Got 1 sessions for ...
2026-02-09 15:04:34.142 [info] Getting sessions for read:user,repo,user:email,workflow...
2026-02-09 15:04:34.142 [info] Got 1 sessions for read:user,repo,user:email,workflow...
2026-02-09 15:04:34.199 [info] Getting sessions for all scopes...
2026-02-09 15:04:34.199 [info] Got 1 sessions for ...
2026-02-09 15:04:34.201 [info] Getting sessions for read:user,repo,user:email,workflow...
2026-02-09 15:04:34.201 [info] Got 1 sessions for read:user,repo,user:email,workflow...
2026-02-09 15:04:34.233 [info] FetcherService: Electron fetch failed with status: 429 
2026-02-09 15:04:34.235 [info] Unable to resolve optional EDU details. Status: 429 
2026-02-09 15:04:34.491 [info] Getting sessions for all scopes...
2026-02-09 15:04:34.491 [info] Got 1 sessions for ...
2026-02-09 15:04:34.491 [info] Getting sessions for read:user,repo,user:email,workflow...
2026-02-09 15:04:34.491 [info] Got 1 sessions for read:user,repo,user:email,workflow...
2026-02-09 15:04:35.767 [info] Getting sessions for all scopes...
2026-02-09 15:04:35.767 [info] Got 1 sessions for ...
2026-02-09 15:04:35.767 [info] Getting sessions for all scopes...
2026-02-09 15:04:35.767 [info] Got 1 sessions for ...
2026-02-09 15:04:56.943 [info] Getting sessions for codespace,read:user,repo,user:email...
2026-02-09 15:04:56.943 [info] Got 0 sessions for codespace,read:user,repo,user:email...
2026-02-09 15:04:56.952 [info] Getting sessions for codespace,read:user,repo,user:email...
2026-02-09 15:04:56.952 [info] Got 0 sessions for codespace,read:user,repo,user:email...
2026-02-09 15:04:57.060 [info] Getting sessions for codespace,read:user,repo,user:email...
2026-02-09 15:04:57.060 [info] Got 0 sessions for codespace,read:user,repo,user:email...
2026-02-09 15:05:00.137 [info] Getting sessions for all scopes...
2026-02-09 15:05:00.137 [info] Got 1 sessions for ...
2026-02-09 15:05:00.138 [info] Getting sessions for all scopes...
2026-02-09 15:05:00.138 [info] Got 1 sessions for ...
2026-02-09 15:06:16.608 [info] Getting sessions for all scopes...
2026-02-09 15:06:16.608 [info] Got 1 sessions for ...
2026-02-09 15:06:16.608 [info] Getting sessions for all scopes...
2026-02-09 15:06:16.608 [info] Got 1 sessions for ...
2026-02-09 15:06:34.962 [info] Getting sessions for all scopes...
2026-02-09 15:06:34.962 [info] Got 1 sessions for ...
2026-02-09 15:06:34.963 [info] Getting sessions for all scopes...
2026-02-09 15:06:34.963 [info] Got 1 sessions for ...
2026-02-09 15:06:43.126 [info] Getting sessions for all scopes...
2026-02-09 15:06:43.126 [info] Got 1 sessions for ...
2026-02-09 15:06:43.128 [info] Getting sessions for all scopes...
2026-02-09 15:06:43.128 [info] Got 1 sessions for ...
2026-02-09 15:07:05.444 [info] Getting sessions for user:email...
2026-02-09 15:07:05.444 [info] Got 0 sessions for user:email...
2026-02-09 15:07:07.136 [info] Logging in with 'any' account...
2026-02-09 15:07:07.136 [info] Logging in for the following scopes: user:email
2026-02-09 15:07:07.141 [info] Trying with local server... (user:email)
2026-02-09 15:07:10.939 [info] Exchanging code for token...
2026-02-09 15:07:12.053 [info] Token exchange success!
2026-02-09 15:07:12.054 [info] Getting user info...
2026-02-09 15:07:12.433 [info] Got account info!
2026-02-09 15:07:12.433 [info] Storing 2 sessions...
2026-02-09 15:07:12.435 [info] Reading sessions from keychain...
2026-02-09 15:07:12.435 [info] Stored 2 sessions!
2026-02-09 15:07:12.435 [info] Login success!
2026-02-09 15:07:12.437 [info] Got stored sessions!
2026-02-09 15:07:12.437 [info] Got 2 verified sessions.
2026-02-09 15:07:12.437 [info] Getting sessions for user:email...
2026-02-09 15:07:12.437 [info] Got 1 sessions for user:email...
2026-02-09 15:07:12.437 [info] Getting sessions for all scopes...
2026-02-09 15:07:12.437 [info] Got 2 sessions for ...
2026-02-09 15:07:12.437 [info] Getting sessions for all scopes...
2026-02-09 15:07:12.437 [info] Got 2 sessions for ...
2026-02-09 15:07:12.438 [info] Getting sessions for codespace,read:user,repo,user:email...
2026-02-09 15:07:12.438 [info] Got 0 sessions for codespace,read:user,repo,user:email...
2026-02-09 15:07:12.439 [info] Getting sessions for read:user,repo,user:email,workflow...
2026-02-09 15:07:12.439 [info] Got 1 sessions for read:user,repo,user:email,workflow...
2026-02-09 15:07:12.536 [info] Getting sessions for all scopes...
2026-02-09 15:07:12.536 [info] Got 2 sessions for ...
2026-02-09 15:07:12.537 [info] Getting sessions for all scopes...
2026-02-09 15:07:12.537 [info] Got 2 sessions for ...
2026-02-09 15:07:16.025 [info] Getting sessions for all scopes...
2026-02-09 15:07:16.025 [info] Got 2 sessions for ...
2026-02-09 15:07:16.025 [info] Getting sessions for all scopes...
2026-02-09 15:07:16.025 [info] Got 2 sessions for ...
2026-02-09 15:07:24.865 [info] Getting sessions for all scopes...
2026-02-09 15:07:24.865 [info] Got 2 sessions for ...
2026-02-09 15:07:24.865 [info] Getting sessions for all scopes...
2026-02-09 15:07:24.865 [info] Got 2 sessions for ...
2026-02-09 15:07:51.819 [info] Getting sessions for all scopes...
2026-02-09 15:07:51.819 [info] Got 2 sessions for ...
2026-02-09 15:07:51.819 [info] Getting sessions for all scopes...
2026-02-09 15:07:51.819 [info] Got 2 sessions for ...
2026-02-09 15:08:33.959 [info] Getting sessions for all scopes...
2026-02-09 15:08:33.959 [info] Got 2 sessions for ...
2026-02-09 15:08:33.959 [info] Getting sessions for all scopes...
2026-02-09 15:08:33.959 [info] Got 2 sessions for ...
2026-02-09 15:12:49.343 [info] Getting sessions for all scopes...
2026-02-09 15:12:49.343 [info] Got 2 sessions for ...
2026-02-09 15:12:49.343 [info] Getting sessions for all scopes...
2026-02-09 15:12:49.343 [info] Got 2 sessions for ...
2026-02-09 15:13:04.811 [info] Getting sessions for all scopes...
2026-02-09 15:13:04.811 [info] Got 2 sessions for ...
2026-02-09 15:13:04.812 [info] Getting sessions for all scopes...
2026-02-09 15:13:04.812 [info] Got 2 sessions for ...
2026-02-09 15:13:28.407 [info] Getting sessions for all scopes...
2026-02-09 15:13:28.407 [info] Got 2 sessions for ...
2026-02-09 15:13:28.407 [info] Getting sessions for all scopes...
2026-02-09 15:13:28.407 [info] Got 2 sessions for ...
2026-02-09 15:13:40.218 [info] Getting sessions for all scopes...
2026-02-09 15:13:40.218 [info] Got 2 sessions for ...
2026-02-09 15:13:40.219 [info] Getting sessions for all scopes...
2026-02-09 15:13:40.219 [info] Got 2 sessions for ...
2026-02-09 15:13:44.467 [info] Getting sessions for all scopes...
2026-02-09 15:13:44.467 [info] Got 2 sessions for ...
2026-02-09 15:13:44.468 [info] Getting sessions for all scopes...
2026-02-09 15:13:44.468 [info] Got 2 sessions for ...
2026-02-09 15:14:49.753 [info] Getting sessions for all scopes...
2026-02-09 15:14:49.753 [info] Got 2 sessions for ...
2026-02-09 15:14:49.753 [info] Getting sessions for all scopes...
2026-02-09 15:14:49.753 [info] Got 2 sessions for ...
2026-02-09 15:15:22.711 [info] Getting sessions for all scopes...
2026-02-09 15:15:22.711 [info] Got 2 sessions for ...
2026-02-09 15:15:22.711 [info] Getting sessions for all scopes...
2026-02-09 15:15:22.711 [info] Got 2 sessions for ...
2026-02-09 15:19:33.422 [info] Getting sessions for all scopes...
2026-02-09 15:19:33.422 [info] Got 2 sessions for ...
2026-02-09 15:19:33.423 [info] Getting sessions for all scopes...
2026-02-09 15:19:33.423 [info] Got 2 sessions for ...
2026-02-09 15:19:37.767 [info] Reading sessions from keychain...
2026-02-09 15:19:37.767 [info] Getting sessions for all scopes...
2026-02-09 15:19:37.767 [info] Got stored sessions!
2026-02-09 15:19:37.767 [info] Got 2 verified sessions.
2026-02-09 15:19:37.767 [info] Got 2 sessions for ...
2026-02-09 15:19:37.767 [info] Getting sessions for all scopes...
2026-02-09 15:19:37.767 [info] Got 2 sessions for ...
2026-02-09 15:19:37.767 [info] Getting sessions for all scopes...
2026-02-09 15:19:37.767 [info] Got 2 sessions for ...
2026-02-09 15:19:37.767 [info] Getting sessions for all scopes...
2026-02-09 15:19:37.767 [info] Got 2 sessions for ...
2026-02-09 15:19:37.767 [info] Getting sessions for all scopes...
2026-02-09 15:19:37.767 [info] Got 2 sessions for ...
2026-02-09 15:19:38.629 [info] Getting sessions for user:email...
2026-02-09 15:19:38.629 [info] Got 1 sessions for user:email...
2026-02-09 15:19:39.677 [info] Getting sessions for all scopes...
2026-02-09 15:19:39.677 [info] Got 2 sessions for ...
2026-02-09 15:19:39.710 [info] FetcherService: Electron fetch failed with status: 429 
2026-02-09 15:19:39.712 [info] Unable to resolve optional EDU details. Status: 429 
2026-02-09 15:19:44.050 [info] Getting sessions for all scopes...
2026-02-09 15:19:44.050 [info] Got 2 sessions for ...
2026-02-09 15:19:44.050 [info] Getting sessions for all scopes...
2026-02-09 15:19:44.050 [info] Got 2 sessions for ...
2026-02-09 15:19:44.257 [info] Getting sessions for all scopes...
2026-02-09 15:19:44.257 [info] Got 2 sessions for ...
2026-02-09 15:19:44.259 [info] Getting sessions for read:user,repo,user:email,workflow...
2026-02-09 15:19:44.259 [info] Got 1 sessions for read:user,repo,user:email,workflow...
2026-02-09 15:19:44.269 [info] Getting sessions for user:email...
2026-02-09 15:19:44.269 [info] Got 1 sessions for user:email...
2026-02-09 15:19:44.984 [info] Getting sessions for all scopes...
2026-02-09 15:19:44.984 [info] Got 2 sessions for ...
2026-02-09 15:19:44.984 [info] Getting sessions for all scopes...
2026-02-09 15:19:44.984 [info] Got 2 sessions for ...
2026-02-09 15:19:45.002 [info] Getting sessions for read:user,repo,user:email,workflow...
2026-02-09 15:19:45.002 [info] Got 1 sessions for read:user,repo,user:email,workflow...
2026-02-09 15:19:45.047 [info] Getting sessions for all scopes...
2026-02-09 15:19:45.047 [info] Got 2 sessions for ...
2026-02-09 15:19:45.047 [info] Getting sessions for all scopes...
2026-02-09 15:19:45.047 [info] Got 2 sessions for ...
2026-02-09 15:19:45.050 [info] Getting sessions for read:user,repo,user:email,workflow...
2026-02-09 15:19:45.050 [info] Got 1 sessions for read:user,repo,user:email,workflow...
2026-02-09 15:19:45.142 [info] Getting sessions for all scopes...
2026-02-09 15:19:45.142 [info] Got 2 sessions for ...
2026-02-09 15:19:45.142 [info] Getting sessions for all scopes...
2026-02-09 15:19:45.143 [info] Got 2 sessions for ...
2026-02-09 15:19:45.580 [info] Getting sessions for all scopes...
2026-02-09 15:19:45.580 [info] Got 2 sessions for ...
2026-02-09 15:19:45.581 [info] Getting sessions for read:user,repo,user:email,workflow...
2026-02-09 15:19:45.581 [info] Got 1 sessions for read:user,repo,user:email,workflow...
2026-02-09 15:20:00.044 [info] Getting sessions for all scopes...
2026-02-09 15:20:00.045 [info] Got 2 sessions for ...
2026-02-09 15:20:00.045 [info] Getting sessions for all scopes...
2026-02-09 15:20:00.045 [info] Got 2 sessions for ...
2026-02-09 15:22:53.528 [info] Getting sessions for all scopes...
2026-02-09 15:22:53.528 [info] Got 2 sessions for ...
2026-02-09 15:22:53.528 [info] Getting sessions for all scopes...
2026-02-09 15:22:53.528 [info] Got 2 sessions for ...
2026-02-09 15:23:49.010 [info] Getting sessions for all scopes...
2026-02-09 15:23:49.010 [info] Got 2 sessions for ...
2026-02-09 15:23:49.010 [info] Getting sessions for all scopes...
2026-02-09 15:23:49.010 [info] Got 2 sessions for ...
2026-02-09 15:38:53.217 [info] Getting sessions for all scopes...
2026-02-09 15:38:53.218 [info] Got 2 sessions for ...
2026-02-09 15:38:53.218 [info] Getting sessions for all scopes...
2026-02-09 15:38:53.218 [info] Got 2 sessions for ...
2026-02-09 15:51:09.472 [info] Getting sessions for all scopes...
2026-02-09 15:51:09.472 [info] Got 2 sessions for ...
2026-02-09 15:51:09.472 [info] Getting sessions for all scopes...
2026-02-09 15:51:09.472 [info] Got 2 sessions for ...
