2026-03-25 18:03:04.500 [info] Python-envs extension version: 1.20.1
2026-03-25 18:03:04.500 [info] 
=== Python Envs Configuration Levels ===
2026-03-25 18:03:04.500 [info] {
  "section": "Python Envs Configuration Levels",
  "defaultEnvManager": {
    "workspaceFolderValue": "undefined",
    "workspaceValue": "undefined",
    "globalValue": "undefined",
    "defaultValue": "ms-python.python:venv"
  },
  "defaultPackageManager": {
    "workspaceFolderValue": "undefined",
    "workspaceValue": "undefined",
    "globalValue": "undefined",
    "defaultValue": "ms-python.python:pip"
  }
}
2026-03-25 18:03:04.500 [info] [pet] Starting Python Locator /home/ankur/.vscode/extensions/ms-python.vscode-python-envs-1.20.1-linux-x64/python-env-tools/bin/pet server
2026-03-25 18:03:04.504 [info] [pet] configure: Sending configuration update: {"workspaceDirectories":["/home/ankur/Documents/att"],"environmentDirectories":["/home/ankur/Documents/att/**/.venv"],"pipenvExecutable":"pipenv","poetryExecutable":"poetry","cacheDirectory":"/home/ankur/.config/Code/User/globalStorage/ms-python.vscode-python-envs/pythonLocator"}
2026-03-25 18:03:04.663 [info] Discovered env: /usr/bin/python
2026-03-25 18:03:04.742 [info] Conda not found, turning off conda features. [Error: Conda not found
	at F (/home/ankur/.vscode/extensions/ms-python.vscode-python-envs-1.20.1-linux-x64/dist/extension.js:2:578361)
	at runNextTicks (node:internal/process/task_queues:65:5)
	at process.processImmediate (node:internal/timers:453:9)
	at async L (/home/ankur/.vscode/extensions/ms-python.vscode-python-envs-1.20.1-linux-x64/dist/extension.js:2:578486)
	at async t.registerCondaFeatures (/home/ankur/.vscode/extensions/ms-python.vscode-python-envs-1.20.1-linux-x64/dist/extension.js:2:596321)
	at async Promise.all (index 1)
	at async Immediate.<anonymous> (/home/ankur/.vscode/extensions/ms-python.vscode-python-envs-1.20.1-linux-x64/dist/extension.js:2:717155)]
2026-03-25 18:03:04.743 [info] [pet] Telemetry:  {"event":"RefreshPerformance","data":{"refreshPerformance":{"total":230,"breakdown":{"GlobalVirtualEnvs":0,"Locators":153,"Path":229,"Workspaces":0},"locators":{"Conda":144,"Homebrew":0,"LinuxGlobal":150,"PipEnv":0,"Pixi":0,"Poetry":0,"PyEnv":0,"Uv":0,"Venv":0,"VirtualEnv":0,"VirtualEnvWrapper":0}}}}
2026-03-25 18:03:04.918 [info] Python API: Changed environment from undefined to Python 3.14.3 for: /home/ankur/Documents/att
2026-03-25 18:03:04.918 [info] Internal: Changed environment from undefined to Python 3.14.3 for: /home/ankur/Documents/att
2026-03-25 18:03:04.996 [info] Discovered env: /usr/bin/python
2026-03-25 18:03:05.029 [info] Pipenv not found
2026-03-25 18:03:05.029 [info] Pipenv not found, turning off pipenv features. If you have pipenv installed in a non-standard location, set the "python.pipenvPath" setting.
2026-03-25 18:03:05.059 [info] [pet] Telemetry:  {"event":"RefreshPerformance","data":{"refreshPerformance":{"total":192,"breakdown":{"GlobalVirtualEnvs":0,"Locators":163,"Path":191,"Workspaces":0},"locators":{"Conda":160,"Homebrew":0,"LinuxGlobal":161,"PipEnv":0,"Pixi":0,"Poetry":0,"PyEnv":0,"Uv":0,"Venv":0,"VirtualEnv":0,"VirtualEnvWrapper":0}}}}
2026-03-25 18:03:06.805 [info] Discovered env: /usr/bin/python
2026-03-25 18:03:07.035 [info] Pyenv not found, turning off pyenv features.
2026-03-25 18:03:07.421 [info] [pet] Telemetry:  {"event":"RefreshPerformance","data":{"refreshPerformance":{"total":177,"breakdown":{"GlobalVirtualEnvs":0,"Locators":149,"Path":176,"Workspaces":2},"locators":{"Conda":148,"Homebrew":0,"LinuxGlobal":147,"PipEnv":0,"Pixi":0,"Poetry":0,"PyEnv":0,"Uv":0,"Venv":0,"VirtualEnv":0,"VirtualEnvWrapper":0}}}}
2026-03-25 18:03:07.596 [info] Discovered env: /usr/bin/python
2026-03-25 18:03:07.606 [info] Poetry not found, turning off poetry features.
2026-03-25 18:03:07.607 [info] [interpreterSelection] Applying initial environment selection for 1 workspace folder(s)
2026-03-25 18:03:07.608 [info] [pet] Telemetry:  {"event":"RefreshPerformance","data":{"refreshPerformance":{"total":183,"breakdown":{"GlobalVirtualEnvs":0,"Locators":164,"Path":183,"Workspaces":0},"locators":{"Conda":161,"Homebrew":0,"LinuxGlobal":163,"PipEnv":0,"Pixi":0,"Poetry":0,"PyEnv":0,"Uv":0,"Venv":0,"VirtualEnv":0,"VirtualEnvWrapper":0}}}}
2026-03-25 18:03:07.617 [info] Running: uv --version
2026-03-25 18:03:07.624 [info] Running: /usr/bin/python -m pip list
2026-03-25 18:03:07.625 [info] [interpreterSelection] att: Python 3.14.3 (source: autoDiscovery)
2026-03-25 18:03:07.632 [info] [interpreterSelection] global: Python 3.14.3 (source: autoDiscovery)
2026-03-25 18:03:07.641 [info] Python API: Changed environment from undefined to Python 3.14.3 for: global
2026-03-25 18:03:07.641 [info] Internal: Changed environment from undefined to Python 3.14.3 for: global
2026-03-25 18:03:08.056 [info] python: Package              Version
-------------------- ----------------

2026-03-25 18:03:08.056 [info] python: aiohappyeyeballs     2.6.1
aiohttp              3.13.3
aiosignal            1.4.0
annotated-doc        0.0.4

2026-03-25 18:03:08.056 [info] python: anyio                4.12.1

2026-03-25 18:03:08.058 [info] python: argcomplete          3.6.3
attrs                26.1.0
audioop-lts          0.2.2
autocommand          2.2.2
bcc                  0.36.1
bcrypt               5.0.0
beautifulsoup4       4.14.3
blessed              1.33.0
blinker              1.9.0
btrfsutil            6.19.1
certifi              2026.2.25
cffi                 2.0.0
charset-normalizer   3.4.6
click                8.3.2
colorama             0.4.6
cryptography         46.0.5
cssselect            1.4.0
curl_cffi            0.14.0
Cython               3.2.4
dbus-fast            4.0.0
deprecation          2.0.7

2026-03-25 18:03:08.059 [info] python: distro               1.9.0
dnspython            2.8.0
eventlet             0.40.4
fido2                2.1.1
filelock             3.25.2
Flask                3.1.3

2026-03-25 18:03:08.059 [info] python: frozenlist           1.8.0
gevent               25.9.1
gps                  3.27.5

2026-03-25 18:03:08.059 [info] python: greenlet             3.3.2

2026-03-25 18:03:08.059 [info] python: h11                  0.16.0

2026-03-25 18:03:08.060 [info] python: httpcore             1.0.9
httpx                0.28.1

2026-03-25 18:03:08.060 [info] python: i3ipc                2.2.1

2026-03-25 18:03:08.060 [info] python: idna                 3.11

2026-03-25 18:03:08.060 [info] python: importlib_metadata   8.7.1

2026-03-25 18:03:08.060 [info] python: iniconfig            2.3.0

2026-03-25 18:03:08.060 [info] python: itsdangerous         2.2.0

2026-03-25 18:03:08.060 [info] python: jaraco.classes       3.4.0

2026-03-25 18:03:08.060 [info] python: jaraco.collections   5.1.0

2026-03-25 18:03:08.060 [info] python: jaraco.context       6.0.1

2026-03-25 18:03:08.060 [info] python: jaraco.functools     4.1.0

2026-03-25 18:03:08.061 [info] python: jaraco.text          4.0.0

2026-03-25 18:03:08.061 [info] python: jeepney              0.9.0

2026-03-25 18:03:08.061 [info] python: Jinja2               3.1.6

2026-03-25 18:03:08.061 [info] python: keyring              25.7.0

2026-03-25 18:03:08.061 [info] python: libfdt               1.7.2

2026-03-25 18:03:08.061 [info] python: libvirt-python       12.1.0

2026-03-25 18:03:08.061 [info] python: louis                3.37.0

2026-03-25 18:03:08.061 [info] python: lxml                 6.0.2

2026-03-25 18:03:08.061 [info] python: Mako                 1.3.10.dev0

2026-03-25 18:03:08.061 [info] python: Markdown             3.10.2

2026-03-25 18:03:08.062 [info] python: markdown-it-py       4.0.0

2026-03-25 18:03:08.062 [info] python: MarkupSafe           3.0.3
mdurl                0.1.2

2026-03-25 18:03:08.062 [info] python: meson                1.10.2

2026-03-25 18:03:08.062 [info] python: more-itertools       10.8.0

2026-03-25 18:03:08.062 [info] python: multidict            6.7.1

2026-03-25 18:03:08.062 [info] python: nftables             0.1

2026-03-25 18:03:08.062 [info] python: nwg-displays         0.3.28

2026-03-25 18:03:08.062 [info] python: packaging            26.0

2026-03-25 18:03:08.062 [info] python: pip                  26.0.1

2026-03-25 18:03:08.063 [info] python: pipx                 1.10.1

2026-03-25 18:03:08.063 [info] python: pkg_resources        81.0.0

2026-03-25 18:03:08.063 [info] python: platformdirs         4.9.4

2026-03-25 18:03:08.063 [info] python: pluggy               1.6.0

2026-03-25 18:03:08.063 [info] python: propcache            0.4.1

2026-03-25 18:03:08.063 [info] python: proton-core          0.7.0

2026-03-25 18:03:08.063 [info] python: proton-keyring-linux 0.2.1

2026-03-25 18:03:08.063 [info] python: proton-vpn-api-core  4.16.0

2026-03-25 18:03:08.063 [info] python: proton-vpn-cli       0.1.7
proton-vpn-daemon    0.13.6

2026-03-25 18:03:08.064 [info] python: psutil               7.2.2

2026-03-25 18:03:08.064 [info] python: pycairo              1.29.0

2026-03-25 18:03:08.064 [info] python: pycparser            3.0

2026-03-25 18:03:08.064 [info] python: pydub                0.25.1

2026-03-25 18:03:08.064 [info] python: Pygments             2.19.2

2026-03-25 18:03:08.064 [info] python: PyGObject            3.54.5

2026-03-25 18:03:08.064 [info] python: PyNaCl               1.6.2

2026-03-25 18:03:08.064 [info] python: pyOpenSSL            26.0.0

2026-03-25 18:03:08.064 [info] python: pyquery              2.0.1

2026-03-25 18:03:08.064 [info] python: pytest               8.4.2

2026-03-25 18:03:08.064 [info] python: python-editor        1.0.4

2026-03-25 18:03:08.065 [info] python: python-gnupg         0.5.6

2026-03-25 18:03:08.065 [info] python: python-xlib          0.33

2026-03-25 18:03:08.065 [info] python: RapidFuzz            3.14.3

2026-03-25 18:03:08.065 [info] python: readchar             4.2.1

2026-03-25 18:03:08.065 [info] python: Reflector            2023.6.28.0.36.1

2026-03-25 18:03:08.065 [info] python: requests             2.32.5

2026-03-25 18:03:08.065 [info] python: rich                 14.3.3

2026-03-25 18:03:08.065 [info] python: SecretStorage        3.4.1

2026-03-25 18:03:08.065 [info] python: sentry-sdk           2.55.0

2026-03-25 18:03:08.065 [info] python: setuptools           82.0.1

2026-03-25 18:03:08.065 [info] python: shellingham          1.5.4

2026-03-25 18:03:08.066 [info] python: shtab                1.8.0

2026-03-25 18:03:08.066 [info] python: six                  1.17.0

2026-03-25 18:03:08.066 [info] python: sniffio              1.3.1

2026-03-25 18:03:08.066 [info] python: soupsieve            2.8.3

2026-03-25 18:03:08.066 [info] python: tabulate             0.10.0

2026-03-25 18:03:08.066 [info] python: termcolor            3.3.0

2026-03-25 18:03:08.066 [info] python: thefuzz              0.22.1

2026-03-25 18:03:08.066 [info] python: tldr                 3.4.4

2026-03-25 18:03:08.066 [info] python: toml                 0.10.2

2026-03-25 18:03:08.066 [info] python: tqdm                 4.67.3

2026-03-25 18:03:08.067 [info] python: typer                0.24.1

2026-03-25 18:03:08.067 [info] python: typing_extensions    4.15.0
Unidecode            1.4.0
urllib3              2.6.3

2026-03-25 18:03:08.067 [info] python: userpath             1.9.2
wcwidth              0.6.0

2026-03-25 18:03:08.067 [info] python: Werkzeug             3.1.4

2026-03-25 18:03:08.067 [info] python: wheel                0.46.3
wxPython             4.2.4

2026-03-25 18:03:08.067 [info] python: yarl                 1.23.0

2026-03-25 18:03:08.067 [info] python: yt-dlp               2026.3.17

2026-03-25 18:03:08.067 [info] python: yt-dlp-ejs           0.8.0

2026-03-25 18:03:08.068 [info] python: zipp                 3.21.0
zope.event           6.1

2026-03-25 18:03:08.068 [info] python: zope.interface       8.2

