2026-04-22 14:29:32.231 [info] Reading sessions from keychain...
2026-04-22 14:29:32.231 [info] Got stored sessions!
2026-04-22 14:29:32.231 [info] Got 2 verified sessions.
2026-04-22 14:29:32.231 [info] Getting sessions for all scopes...
2026-04-22 14:29:32.231 [info] Got 2 sessions for ...
2026-04-22 14:29:32.232 [info] Getting sessions for all scopes...
2026-04-22 14:29:32.232 [info] Got 2 sessions for ...
2026-04-22 14:29:32.232 [info] Getting sessions for all scopes...
2026-04-22 14:29:32.232 [info] Got 2 sessions for ...
2026-04-22 14:29:32.232 [info] Getting sessions for all scopes...
2026-04-22 14:29:32.232 [info] Got 2 sessions for ...
2026-04-22 14:29:32.233 [info] Getting sessions for all scopes...
2026-04-22 14:29:32.233 [info] Got 2 sessions for ...
2026-04-22 14:29:32.380 [info] Getting sessions for user:email...
2026-04-22 14:29:32.380 [info] Got 1 sessions for user:email...
2026-04-22 14:29:34.678 [info] Getting sessions for all scopes...
2026-04-22 14:29:34.678 [info] Got 2 sessions for ...
2026-04-22 14:29:34.707 [info] Getting sessions for all scopes...
2026-04-22 14:29:34.707 [info] Got 2 sessions for ...
2026-04-22 14:29:34.707 [info] Getting sessions for all scopes...
2026-04-22 14:29:34.707 [info] Got 2 sessions for ...
2026-04-22 14:29:34.836 [info] Getting sessions for read:user,repo,user:email,workflow...
2026-04-22 14:29:34.836 [info] Got 1 sessions for read:user,repo,user:email,workflow...
2026-04-22 14:29:34.843 [info] Getting sessions for user:email...
2026-04-22 14:29:34.843 [info] Got 1 sessions for user:email...
2026-04-22 14:29:34.848 [info] Getting sessions for all scopes...
2026-04-22 14:29:34.848 [info] Got 2 sessions for ...
2026-04-22 14:29:34.849 [info] Getting sessions for read:user,repo,user:email,workflow...
2026-04-22 14:29:34.849 [info] Got 1 sessions for read:user,repo,user:email,workflow...
2026-04-22 14:29:35.726 [info] Getting sessions for all scopes...
2026-04-22 14:29:35.726 [info] Got 2 sessions for ...
2026-04-22 14:29:35.726 [info] Getting sessions for all scopes...
2026-04-22 14:29:35.726 [info] Got 2 sessions for ...
2026-04-22 14:29:35.958 [info] FetcherService: Node fetch failed with status: 429 Too Many Requests
2026-04-22 14:29:35.960 [info] Unable to resolve optional EDU details. Status: 429 Too Many Requests
2026-04-22 14:29:36.299 [info] Getting sessions for read:user,repo,user:email,workflow...
2026-04-22 14:29:36.299 [info] Got 1 sessions for read:user,repo,user:email,workflow...
2026-04-22 14:29:36.902 [info] Getting sessions for all scopes...
2026-04-22 14:29:36.902 [info] Got 2 sessions for ...
2026-04-22 14:29:36.902 [info] Getting sessions for all scopes...
2026-04-22 14:29:36.902 [info] Got 2 sessions for ...
2026-04-22 14:29:36.925 [info] Getting sessions for read:user,repo,user:email,workflow...
2026-04-22 14:29:36.925 [info] Got 1 sessions for read:user,repo,user:email,workflow...
2026-04-22 14:29:36.977 [info] Getting sessions for all scopes...
2026-04-22 14:29:36.977 [info] Got 2 sessions for ...
2026-04-22 14:29:36.977 [info] Getting sessions for all scopes...
2026-04-22 14:29:36.977 [info] Got 2 sessions for ...
2026-04-22 14:29:36.978 [info] Getting sessions for read:user,repo,user:email,workflow...
2026-04-22 14:29:36.978 [info] Got 1 sessions for read:user,repo,user:email,workflow...
2026-04-22 14:29:37.071 [info] Getting sessions for all scopes...
2026-04-22 14:29:37.071 [info] Got 2 sessions for ...
2026-04-22 14:29:37.072 [info] Getting sessions for all scopes...
2026-04-22 14:29:37.072 [info] Got 2 sessions for ...
2026-04-22 14:29:37.459 [info] Getting sessions for all scopes...
2026-04-22 14:29:37.459 [info] Got 2 sessions for ...
2026-04-22 14:29:37.461 [info] Getting sessions for read:user,repo,user:email,workflow...
2026-04-22 14:29:37.461 [info] Got 1 sessions for read:user,repo,user:email,workflow...
2026-04-22 14:29:37.713 [info] Getting sessions for all scopes...
2026-04-22 14:29:37.713 [info] Got 2 sessions for ...
2026-04-22 14:29:37.716 [info] Getting sessions for read:user,repo,user:email,workflow...
2026-04-22 14:29:37.716 [info] Got 1 sessions for read:user,repo,user:email,workflow...
2026-04-22 14:29:38.864 [info] Getting sessions for all scopes...
2026-04-22 14:29:38.864 [info] Got 2 sessions for ...
2026-04-22 14:29:38.866 [info] Getting sessions for read:user,repo,user:email,workflow...
2026-04-22 14:29:38.866 [info] Got 1 sessions for read:user,repo,user:email,workflow...
2026-04-22 14:29:40.248 [info] Getting sessions for all scopes...
2026-04-22 14:29:40.248 [info] Got 2 sessions for ...
2026-04-22 14:29:40.252 [info] Getting sessions for read:user,repo,user:email,workflow...
2026-04-22 14:29:40.253 [info] Got 1 sessions for read:user,repo,user:email,workflow...
2026-04-22 14:29:43.235 [info] Getting sessions for all scopes...
2026-04-22 14:29:43.235 [info] Got 2 sessions for ...
2026-04-22 14:29:43.236 [info] Getting sessions for all scopes...
2026-04-22 14:29:43.236 [info] Got 2 sessions for ...
