2026-04-21 12:07:01.757 [info] Reading sessions from keychain...
2026-04-21 12:07:01.757 [info] Getting sessions for all scopes...
2026-04-21 12:07:01.935 [info] Got stored sessions!
2026-04-21 12:07:01.935 [info] Got 2 verified sessions.
2026-04-21 12:07:01.935 [info] Got 2 sessions for ...
2026-04-21 12:07:01.935 [info] Getting sessions for all scopes...
2026-04-21 12:07:01.935 [info] Got 2 sessions for ...
2026-04-21 12:07:01.936 [info] Getting sessions for all scopes...
2026-04-21 12:07:01.936 [info] Got 2 sessions for ...
2026-04-21 12:07:01.956 [info] Getting sessions for all scopes...
2026-04-21 12:07:01.956 [info] Got 2 sessions for ...
2026-04-21 12:07:01.966 [info] Getting sessions for all scopes...
2026-04-21 12:07:01.966 [info] Got 2 sessions for ...
2026-04-21 12:07:02.195 [info] Getting sessions for user:email...
2026-04-21 12:07:02.195 [info] Got 1 sessions for user:email...
2026-04-21 12:07:03.579 [info] Getting sessions for all scopes...
2026-04-21 12:07:03.579 [info] Got 2 sessions for ...
2026-04-21 12:07:04.644 [info] FetcherService: Node fetch failed with status: 429 Too Many Requests
2026-04-21 12:07:04.646 [info] Unable to resolve optional EDU details. Status: 429 Too Many Requests
2026-04-21 12:07:17.100 [info] Getting sessions for all scopes...
2026-04-21 12:07:17.100 [info] Got 2 sessions for ...
2026-04-21 12:07:17.101 [info] Getting sessions for all scopes...
2026-04-21 12:07:17.101 [info] Got 2 sessions for ...
2026-04-21 12:07:36.173 [info] Getting sessions for all scopes...
2026-04-21 12:07:36.173 [info] Got 2 sessions for ...
2026-04-21 12:07:36.174 [info] Getting sessions for all scopes...
2026-04-21 12:07:36.174 [info] Got 2 sessions for ...
2026-04-21 12:07:37.881 [info] Getting sessions for all scopes...
2026-04-21 12:07:37.881 [info] Got 2 sessions for ...
2026-04-21 12:07:37.881 [info] Getting sessions for all scopes...
2026-04-21 12:07:37.882 [info] Got 2 sessions for ...
2026-04-21 12:07:41.079 [info] Getting sessions for all scopes...
2026-04-21 12:07:41.079 [info] Got 2 sessions for ...
2026-04-21 12:07:41.080 [info] Getting sessions for all scopes...
2026-04-21 12:07:41.080 [info] Got 2 sessions for ...
2026-04-21 12:07:43.459 [info] Getting sessions for all scopes...
2026-04-21 12:07:43.459 [info] Got 2 sessions for ...
2026-04-21 12:07:43.460 [info] Getting sessions for all scopes...
2026-04-21 12:07:43.460 [info] Got 2 sessions for ...
2026-04-21 12:07:47.109 [info] Getting sessions for all scopes...
2026-04-21 12:07:47.109 [info] Got 2 sessions for ...
2026-04-21 12:07:47.109 [info] Getting sessions for all scopes...
2026-04-21 12:07:47.109 [info] Got 2 sessions for ...
2026-04-21 12:07:47.253 [info] Getting sessions for read:user,repo,user:email,workflow...
2026-04-21 12:07:47.253 [info] Got 1 sessions for read:user,repo,user:email,workflow...
2026-04-21 12:07:47.260 [info] Getting sessions for user:email...
2026-04-21 12:07:47.260 [info] Got 1 sessions for user:email...
2026-04-21 12:07:47.263 [info] Getting sessions for all scopes...
2026-04-21 12:07:47.263 [info] Got 2 sessions for ...
2026-04-21 12:07:47.264 [info] Getting sessions for read:user,repo,user:email,workflow...
2026-04-21 12:07:47.264 [info] Got 1 sessions for read:user,repo,user:email,workflow...
2026-04-21 12:07:47.922 [info] Getting sessions for all scopes...
2026-04-21 12:07:47.922 [info] Got 2 sessions for ...
2026-04-21 12:07:47.922 [info] Getting sessions for all scopes...
2026-04-21 12:07:47.922 [info] Got 2 sessions for ...
2026-04-21 12:07:47.926 [info] Getting sessions for read:user,repo,user:email,workflow...
2026-04-21 12:07:47.926 [info] Got 1 sessions for read:user,repo,user:email,workflow...
2026-04-21 12:07:48.436 [info] Getting sessions for all scopes...
2026-04-21 12:07:48.436 [info] Got 2 sessions for ...
2026-04-21 12:07:48.436 [info] Getting sessions for all scopes...
2026-04-21 12:07:48.436 [info] Got 2 sessions for ...
2026-04-21 12:07:48.460 [info] Getting sessions for read:user,repo,user:email,workflow...
2026-04-21 12:07:48.460 [info] Got 1 sessions for read:user,repo,user:email,workflow...
2026-04-21 12:07:48.517 [info] Getting sessions for all scopes...
2026-04-21 12:07:48.517 [info] Got 2 sessions for ...
2026-04-21 12:07:48.517 [info] Getting sessions for all scopes...
2026-04-21 12:07:48.517 [info] Got 2 sessions for ...
2026-04-21 12:07:48.534 [info] Getting sessions for read:user,repo,user:email,workflow...
2026-04-21 12:07:48.534 [info] Got 1 sessions for read:user,repo,user:email,workflow...
2026-04-21 12:07:48.557 [info] Getting sessions for all scopes...
2026-04-21 12:07:48.557 [info] Got 2 sessions for ...
2026-04-21 12:07:48.558 [info] Getting sessions for read:user,repo,user:email,workflow...
2026-04-21 12:07:48.558 [info] Got 1 sessions for read:user,repo,user:email,workflow...
2026-04-21 12:07:48.600 [info] Getting sessions for all scopes...
2026-04-21 12:07:48.600 [info] Got 2 sessions for ...
2026-04-21 12:07:48.605 [info] Getting sessions for all scopes...
2026-04-21 12:07:48.605 [info] Got 2 sessions for ...
2026-04-21 12:07:48.933 [info] Getting sessions for all scopes...
2026-04-21 12:07:48.933 [info] Got 2 sessions for ...
2026-04-21 12:07:48.934 [info] Getting sessions for read:user,repo,user:email,workflow...
2026-04-21 12:07:48.934 [info] Got 1 sessions for read:user,repo,user:email,workflow...
2026-04-21 12:07:48.948 [info] Getting sessions for all scopes...
2026-04-21 12:07:48.948 [info] Got 2 sessions for ...
2026-04-21 12:07:48.948 [info] Getting sessions for read:user,repo,user:email,workflow...
2026-04-21 12:07:48.948 [info] Got 1 sessions for read:user,repo,user:email,workflow...
2026-04-21 12:07:48.978 [info] Getting sessions for all scopes...
2026-04-21 12:07:48.978 [info] Got 2 sessions for ...
2026-04-21 12:07:48.980 [info] Getting sessions for read:user,repo,user:email,workflow...
2026-04-21 12:07:48.980 [info] Got 1 sessions for read:user,repo,user:email,workflow...
2026-04-21 12:07:49.032 [info] Getting sessions for all scopes...
2026-04-21 12:07:49.032 [info] Got 2 sessions for ...
2026-04-21 12:07:49.033 [info] Getting sessions for read:user,repo,user:email,workflow...
2026-04-21 12:07:49.033 [info] Got 1 sessions for read:user,repo,user:email,workflow...
2026-04-21 12:07:49.056 [info] Getting sessions for all scopes...
2026-04-21 12:07:49.056 [info] Got 2 sessions for ...
2026-04-21 12:07:49.056 [info] Getting sessions for read:user,repo,user:email,workflow...
2026-04-21 12:07:49.056 [info] Got 1 sessions for read:user,repo,user:email,workflow...
2026-04-21 12:08:36.778 [info] Getting sessions for all scopes...
2026-04-21 12:08:36.778 [info] Got 2 sessions for ...
2026-04-21 12:08:36.779 [info] Getting sessions for read:user,repo,user:email,workflow...
2026-04-21 12:08:36.779 [info] Got 1 sessions for read:user,repo,user:email,workflow...
2026-04-21 12:08:51.380 [info] Getting sessions for all scopes...
2026-04-21 12:08:51.380 [info] Got 2 sessions for ...
2026-04-21 12:08:51.381 [info] Getting sessions for all scopes...
2026-04-21 12:08:51.381 [info] Got 2 sessions for ...
2026-04-21 12:08:52.663 [info] Getting sessions for all scopes...
2026-04-21 12:08:52.663 [info] Got 2 sessions for ...
2026-04-21 12:08:52.664 [info] Getting sessions for read:user,repo,user:email,workflow...
2026-04-21 12:08:52.664 [info] Got 1 sessions for read:user,repo,user:email,workflow...
2026-04-21 12:09:39.192 [info] Getting sessions for all scopes...
2026-04-21 12:09:39.192 [info] Got 2 sessions for ...
2026-04-21 12:09:39.193 [info] Getting sessions for all scopes...
2026-04-21 12:09:39.193 [info] Got 2 sessions for ...
2026-04-21 12:09:42.200 [info] Getting sessions for all scopes...
2026-04-21 12:09:42.200 [info] Got 2 sessions for ...
2026-04-21 12:09:42.200 [info] Getting sessions for all scopes...
2026-04-21 12:09:42.200 [info] Got 2 sessions for ...
2026-04-21 12:09:52.683 [info] Getting sessions for all scopes...
2026-04-21 12:09:52.683 [info] Got 2 sessions for ...
2026-04-21 12:09:52.684 [info] Getting sessions for all scopes...
2026-04-21 12:09:52.684 [info] Got 2 sessions for ...
2026-04-21 12:10:17.397 [info] Getting sessions for all scopes...
2026-04-21 12:10:17.397 [info] Got 2 sessions for ...
2026-04-21 12:10:17.398 [info] Getting sessions for all scopes...
2026-04-21 12:10:17.398 [info] Got 2 sessions for ...
2026-04-21 12:10:28.966 [info] Getting sessions for all scopes...
2026-04-21 12:10:28.966 [info] Got 2 sessions for ...
2026-04-21 12:10:28.967 [info] Getting sessions for all scopes...
2026-04-21 12:10:28.967 [info] Got 2 sessions for ...
2026-04-21 12:11:01.287 [info] Getting sessions for all scopes...
2026-04-21 12:11:01.287 [info] Got 2 sessions for ...
2026-04-21 12:11:01.288 [info] Getting sessions for all scopes...
2026-04-21 12:11:01.288 [info] Got 2 sessions for ...
2026-04-21 12:11:11.053 [info] Getting sessions for all scopes...
2026-04-21 12:11:11.053 [info] Got 2 sessions for ...
2026-04-21 12:11:11.053 [info] Getting sessions for all scopes...
2026-04-21 12:11:11.053 [info] Got 2 sessions for ...
2026-04-21 12:11:35.468 [info] Getting sessions for all scopes...
2026-04-21 12:11:35.468 [info] Got 2 sessions for ...
2026-04-21 12:11:35.470 [info] Getting sessions for all scopes...
2026-04-21 12:11:35.470 [info] Got 2 sessions for ...
2026-04-21 12:12:00.604 [info] Getting sessions for all scopes...
2026-04-21 12:12:00.604 [info] Got 2 sessions for ...
2026-04-21 12:12:00.605 [info] Getting sessions for all scopes...
2026-04-21 12:12:00.605 [info] Got 2 sessions for ...
2026-04-21 12:12:03.418 [info] Getting sessions for all scopes...
2026-04-21 12:12:03.418 [info] Got 2 sessions for ...
2026-04-21 12:12:03.419 [info] Getting sessions for all scopes...
2026-04-21 12:12:03.419 [info] Got 2 sessions for ...
