2026-02-09 15:04:32.484 [info] [main] Log level: Info
2026-02-09 15:04:32.484 [info] [main] Validating found git in: "git"
2026-02-09 15:04:32.484 [info] [main] Using git "2.53.0" from "git"
2026-02-09 15:04:32.484 [info] [Model][doInitialScan] Initial repository scan started
2026-02-09 15:04:32.484 [info] [Model][doInitialScan] Initial repository scan completed - repositories (0), closed repositories (0), parent repositories (0), unsafe repositories (0)
2026-02-09 15:06:43.089 [info] > git rev-parse --show-toplevel [2ms]
2026-02-09 15:06:43.089 [info] fatal: not a git repository (or any of the parent directories): .git
2026-02-09 15:12:52.140 [info] > git rev-parse --show-toplevel [6ms]
2026-02-09 15:12:52.140 [info] fatal: not a git repository (or any of the parent directories): .git
2026-02-09 15:19:19.886 [info] > git rev-parse --show-toplevel [1ms]
2026-02-09 15:19:19.886 [info] fatal: not a git repository (or any of the parent directories): .git
2026-02-09 15:19:23.126 [info] > git rev-parse --show-toplevel [1ms]
2026-02-09 15:19:23.126 [info] fatal: not a git repository (or any of the parent directories): .git
2026-02-09 15:19:44.258 [info] [main] Log level: Info
2026-02-09 15:19:44.258 [info] [main] Validating found git in: "git"
2026-02-09 15:19:44.258 [info] [main] Using git "2.53.0" from "git"
2026-02-09 15:19:44.258 [info] [Model][doInitialScan] Initial repository scan started
2026-02-09 15:19:44.258 [info] > git rev-parse --show-toplevel [66ms]
2026-02-09 15:19:44.258 [info] fatal: not a git repository (or any of the parent directories): .git
2026-02-09 15:19:44.258 [info] [Model][doInitialScan] Initial repository scan completed - repositories (0), closed repositories (0), parent repositories (0), unsafe repositories (0)
2026-02-09 15:19:44.598 [info] > git rev-parse --show-toplevel [196ms]
2026-02-09 15:19:44.598 [info] fatal: not a git repository (or any of the parent directories): .git
2026-02-09 15:19:45.579 [info] > git rev-parse --show-toplevel [0ms]
2026-02-09 15:19:45.580 [info] fatal: not a git repository (or any of the parent directories): .git
2026-02-09 15:19:49.279 [info] > git rev-parse --show-toplevel [1ms]
2026-02-09 15:19:49.279 [info] fatal: not a git repository (or any of the parent directories): .git
