2026-03-25 18:03:04.500 [info] Reading sessions from keychain...
2026-03-25 18:03:04.500 [info] Getting sessions for all scopes...
2026-03-25 18:03:04.549 [info] Got stored sessions!
2026-03-25 18:03:04.549 [info] Got 2 verified sessions.
2026-03-25 18:03:04.549 [info] Got 2 sessions for ...
2026-03-25 18:03:04.549 [info] Getting sessions for all scopes...
2026-03-25 18:03:04.549 [info] Got 2 sessions for ...
2026-03-25 18:03:04.549 [info] Getting sessions for all scopes...
2026-03-25 18:03:04.549 [info] Got 2 sessions for ...
2026-03-25 18:03:04.814 [info] Getting sessions for all scopes...
2026-03-25 18:03:04.814 [info] Got 2 sessions for ...
2026-03-25 18:03:05.027 [info] Getting sessions for all scopes...
2026-03-25 18:03:05.027 [info] Got 2 sessions for ...
2026-03-25 18:03:06.784 [info] Getting sessions for user:email...
2026-03-25 18:03:06.784 [info] Got 1 sessions for user:email...
2026-03-25 18:03:06.851 [info] Getting sessions for all scopes...
2026-03-25 18:03:06.851 [info] Got 2 sessions for ...
2026-03-25 18:03:08.580 [info] FetcherService: Node fetch failed with status: 429 Too Many Requests
2026-03-25 18:03:08.585 [info] Unable to resolve optional EDU details. Status: 429 Too Many Requests
2026-03-25 18:03:19.373 [info] Getting sessions for all scopes...
2026-03-25 18:03:19.373 [info] Got 2 sessions for ...
2026-03-25 18:03:19.374 [info] Getting sessions for all scopes...
2026-03-25 18:03:19.374 [info] Got 2 sessions for ...
2026-03-25 18:03:30.785 [info] Reading sessions from keychain...
2026-03-25 18:03:30.785 [info] Getting sessions for all scopes...
2026-03-25 18:03:30.789 [info] Got stored sessions!
2026-03-25 18:03:30.789 [info] Got 2 verified sessions.
2026-03-25 18:03:30.789 [info] Got 2 sessions for ...
2026-03-25 18:03:30.789 [info] Getting sessions for all scopes...
2026-03-25 18:03:30.790 [info] Got 2 sessions for ...
2026-03-25 18:03:30.790 [info] Getting sessions for all scopes...
2026-03-25 18:03:30.790 [info] Got 2 sessions for ...
2026-03-25 18:03:30.807 [info] Getting sessions for all scopes...
2026-03-25 18:03:30.807 [info] Got 2 sessions for ...
2026-03-25 18:03:30.808 [info] Getting sessions for all scopes...
2026-03-25 18:03:30.808 [info] Got 2 sessions for ...
2026-03-25 18:03:31.966 [info] Getting sessions for user:email...
2026-03-25 18:03:31.966 [info] Got 1 sessions for user:email...
2026-03-25 18:03:32.648 [info] Getting sessions for all scopes...
2026-03-25 18:03:32.648 [info] Got 2 sessions for ...
2026-03-25 18:03:44.209 [info] Getting sessions for all scopes...
2026-03-25 18:03:44.209 [info] Got 2 sessions for ...
2026-03-25 18:03:44.209 [info] Getting sessions for all scopes...
2026-03-25 18:03:44.209 [info] Got 2 sessions for ...
2026-03-25 18:03:44.442 [info] Getting sessions for read:user,repo,user:email,workflow...
2026-03-25 18:03:44.442 [info] Got 1 sessions for read:user,repo,user:email,workflow...
2026-03-25 18:03:44.456 [info] Getting sessions for user:email...
2026-03-25 18:03:44.456 [info] Got 1 sessions for user:email...
2026-03-25 18:03:44.466 [info] Getting sessions for all scopes...
2026-03-25 18:03:44.466 [info] Got 2 sessions for ...
2026-03-25 18:03:44.474 [info] Getting sessions for read:user,repo,user:email,workflow...
2026-03-25 18:03:44.474 [info] Got 1 sessions for read:user,repo,user:email,workflow...
2026-03-25 18:03:44.858 [info] FetcherService: Node fetch failed with status: 429 Too Many Requests
2026-03-25 18:03:44.861 [info] Unable to resolve optional EDU details. Status: 429 Too Many Requests
2026-03-25 18:04:00.789 [info] Getting sessions for all scopes...
2026-03-25 18:04:00.789 [info] Got 2 sessions for ...
2026-03-25 18:04:00.789 [info] Getting sessions for all scopes...
2026-03-25 18:04:00.789 [info] Got 2 sessions for ...
2026-03-25 18:04:00.791 [info] Getting sessions for read:user,repo,user:email,workflow...
2026-03-25 18:04:00.791 [info] Got 1 sessions for read:user,repo,user:email,workflow...
2026-03-25 18:04:05.309 [info] Getting sessions for all scopes...
2026-03-25 18:04:05.309 [info] Got 2 sessions for ...
2026-03-25 18:04:05.380 [info] Getting sessions for all scopes...
2026-03-25 18:04:05.380 [info] Got 2 sessions for ...
2026-03-25 18:04:05.473 [info] Getting sessions for read:user,repo,user:email,workflow...
2026-03-25 18:04:05.473 [info] Got 1 sessions for read:user,repo,user:email,workflow...
2026-03-25 18:04:06.307 [info] Getting sessions for all scopes...
2026-03-25 18:04:06.307 [info] Got 2 sessions for ...
2026-03-25 18:04:06.317 [info] Getting sessions for read:user,repo,user:email,workflow...
2026-03-25 18:04:06.317 [info] Got 1 sessions for read:user,repo,user:email,workflow...
2026-03-25 18:04:06.582 [info] Getting sessions for all scopes...
2026-03-25 18:04:06.582 [info] Got 2 sessions for ...
2026-03-25 18:04:06.588 [info] Getting sessions for read:user,repo,user:email,workflow...
2026-03-25 18:04:06.588 [info] Got 1 sessions for read:user,repo,user:email,workflow...
2026-03-25 18:04:10.211 [info] Getting sessions for all scopes...
2026-03-25 18:04:10.211 [info] Got 2 sessions for ...
2026-03-25 18:04:10.211 [info] Getting sessions for all scopes...
2026-03-25 18:04:10.212 [info] Got 2 sessions for ...
2026-03-25 18:29:46.202 [info] Reading sessions from keychain...
2026-03-25 18:29:46.202 [info] Got stored sessions!
2026-03-25 18:29:46.202 [info] Got 2 verified sessions.
2026-03-25 18:29:46.202 [info] Getting sessions for all scopes...
2026-03-25 18:29:46.202 [info] Got 2 sessions for ...
2026-03-25 18:29:46.202 [info] Getting sessions for all scopes...
2026-03-25 18:29:46.202 [info] Got 2 sessions for ...
2026-03-25 18:29:46.202 [info] Getting sessions for all scopes...
2026-03-25 18:29:46.202 [info] Got 2 sessions for ...
2026-03-25 18:29:46.202 [info] Getting sessions for user:email...
2026-03-25 18:29:46.202 [info] Got 1 sessions for user:email...
2026-03-25 18:29:46.202 [info] Getting sessions for all scopes...
2026-03-25 18:29:46.202 [info] Got 2 sessions for ...
2026-03-25 18:29:46.202 [info] Getting sessions for all scopes...
2026-03-25 18:29:46.202 [info] Got 2 sessions for ...
2026-03-25 18:29:46.202 [info] Getting sessions for all scopes...
2026-03-25 18:29:46.202 [info] Got 2 sessions for ...
2026-03-25 18:29:46.202 [info] Getting sessions for all scopes...
2026-03-25 18:29:46.202 [info] Got 2 sessions for ...
2026-03-25 18:29:46.202 [info] Getting sessions for read:user,repo,user:email,workflow...
2026-03-25 18:29:46.202 [info] Got 1 sessions for read:user,repo,user:email,workflow...
2026-03-25 18:29:46.247 [info] Getting sessions for user:email...
2026-03-25 18:29:46.247 [info] Got 1 sessions for user:email...
2026-03-25 18:29:46.248 [info] Getting sessions for all scopes...
2026-03-25 18:29:46.248 [info] Got 2 sessions for ...
2026-03-25 18:29:46.256 [info] Getting sessions for read:user,repo,user:email,workflow...
2026-03-25 18:29:46.256 [info] Got 1 sessions for read:user,repo,user:email,workflow...
2026-03-25 18:29:46.893 [info] Getting sessions for all scopes...
2026-03-25 18:29:46.893 [info] Got 2 sessions for ...
2026-03-25 18:29:46.893 [info] Getting sessions for all scopes...
2026-03-25 18:29:46.893 [info] Got 2 sessions for ...
2026-03-25 18:29:46.938 [info] Getting sessions for read:user,repo,user:email,workflow...
2026-03-25 18:29:46.938 [info] Got 1 sessions for read:user,repo,user:email,workflow...
2026-03-25 18:29:47.352 [info] Getting sessions for all scopes...
2026-03-25 18:29:47.352 [info] Got 2 sessions for ...
2026-03-25 18:29:47.352 [info] Getting sessions for all scopes...
2026-03-25 18:29:47.353 [info] Got 2 sessions for ...
