2026-04-22 14:27:54.538 [info] Reading sessions from keychain...
2026-04-22 14:27:54.538 [info] Getting sessions for all scopes...
2026-04-22 14:27:54.561 [info] Got stored sessions!
2026-04-22 14:27:54.561 [info] Got 2 verified sessions.
2026-04-22 14:27:54.561 [info] Got 2 sessions for ...
2026-04-22 14:27:54.561 [info] Getting sessions for all scopes...
2026-04-22 14:27:54.561 [info] Got 2 sessions for ...
2026-04-22 14:27:54.561 [info] Getting sessions for all scopes...
2026-04-22 14:27:54.561 [info] Got 2 sessions for ...
2026-04-22 14:27:54.562 [info] Getting sessions for all scopes...
2026-04-22 14:27:54.562 [info] Got 2 sessions for ...
2026-04-22 14:27:54.562 [info] Getting sessions for all scopes...
2026-04-22 14:27:54.562 [info] Got 2 sessions for ...
2026-04-22 14:27:54.692 [info] Getting sessions for user:email...
2026-04-22 14:27:54.692 [info] Got 1 sessions for user:email...
2026-04-22 14:27:57.140 [info] Getting sessions for all scopes...
2026-04-22 14:27:57.140 [info] Got 2 sessions for ...
2026-04-22 14:27:57.171 [info] Getting sessions for all scopes...
2026-04-22 14:27:57.171 [info] Got 2 sessions for ...
2026-04-22 14:27:57.171 [info] Getting sessions for all scopes...
2026-04-22 14:27:57.171 [info] Got 2 sessions for ...
2026-04-22 14:27:57.315 [info] Getting sessions for read:user,repo,user:email,workflow...
2026-04-22 14:27:57.315 [info] Got 1 sessions for read:user,repo,user:email,workflow...
2026-04-22 14:27:57.319 [info] Getting sessions for user:email...
2026-04-22 14:27:57.319 [info] Got 1 sessions for user:email...
2026-04-22 14:27:57.330 [info] Getting sessions for all scopes...
2026-04-22 14:27:57.330 [info] Got 2 sessions for ...
2026-04-22 14:27:57.330 [info] Getting sessions for read:user,repo,user:email,workflow...
2026-04-22 14:27:57.330 [info] Got 1 sessions for read:user,repo,user:email,workflow...
2026-04-22 14:28:00.221 [info] Getting sessions for all scopes...
2026-04-22 14:28:00.221 [info] Got 2 sessions for ...
2026-04-22 14:28:00.222 [info] Getting sessions for all scopes...
2026-04-22 14:28:00.222 [info] Got 2 sessions for ...
2026-04-22 14:28:00.222 [info] Getting sessions for read:user,repo,user:email,workflow...
2026-04-22 14:28:00.222 [info] Got 1 sessions for read:user,repo,user:email,workflow...
2026-04-22 14:28:06.633 [info] FetcherService: Node fetch failed with error: fetch failed
2026-04-22 14:28:07.270 [info] Getting sessions for all scopes...
2026-04-22 14:28:07.270 [info] Got 2 sessions for ...
2026-04-22 14:28:07.312 [info] Getting sessions for all scopes...
2026-04-22 14:28:07.313 [info] Got 2 sessions for ...
2026-04-22 14:28:07.325 [info] Getting sessions for read:user,repo,user:email,workflow...
2026-04-22 14:28:07.325 [info] Got 1 sessions for read:user,repo,user:email,workflow...
2026-04-22 14:28:10.546 [info] Getting sessions for all scopes...
2026-04-22 14:28:10.546 [info] Got 2 sessions for ...
2026-04-22 14:28:10.552 [info] Getting sessions for read:user,repo,user:email,workflow...
2026-04-22 14:28:10.552 [info] Got 1 sessions for read:user,repo,user:email,workflow...
2026-04-22 14:28:19.064 [info] Getting sessions for all scopes...
2026-04-22 14:28:19.064 [info] Got 2 sessions for ...
2026-04-22 14:28:19.068 [info] Getting sessions for read:user,repo,user:email,workflow...
2026-04-22 14:28:19.068 [info] Got 1 sessions for read:user,repo,user:email,workflow...
2026-04-22 14:28:40.761 [info] Getting sessions for all scopes...
2026-04-22 14:28:40.761 [info] Got 2 sessions for ...
2026-04-22 14:28:40.762 [info] Getting sessions for all scopes...
2026-04-22 14:28:40.762 [info] Got 2 sessions for ...
2026-04-22 14:28:50.198 [info] Getting sessions for all scopes...
2026-04-22 14:28:50.198 [info] Got 2 sessions for ...
2026-04-22 14:28:50.200 [info] Getting sessions for all scopes...
2026-04-22 14:28:50.200 [info] Got 2 sessions for ...
2026-04-22 14:29:27.351 [info] Getting sessions for all scopes...
2026-04-22 14:29:27.351 [info] Got 2 sessions for ...
2026-04-22 14:29:27.352 [info] Getting sessions for all scopes...
2026-04-22 14:29:27.352 [info] Got 2 sessions for ...
