2026-04-21 12:07:01.981 [info] Python-envs extension version: 1.24.0
2026-04-21 12:07:01.981 [info] 
=== Python Envs Configuration Levels ===
2026-04-21 12:07:01.981 [info] {
  "section": "Python Envs Configuration Levels",
  "defaultEnvManager": {
    "workspaceFolderValue": "undefined",
    "workspaceValue": "undefined",
    "globalValue": "undefined",
    "defaultValue": "ms-python.python:venv"
  },
  "defaultPackageManager": {
    "workspaceFolderValue": "undefined",
    "workspaceValue": "undefined",
    "globalValue": "undefined",
    "defaultValue": "ms-python.python:pip"
  }
}
2026-04-21 12:07:01.981 [info] [pet] Starting Python Locator /home/ankur/.vscode/extensions/ms-python.vscode-python-envs-1.24.0-linux-x64/python-env-tools/bin/pet server
2026-04-21 12:07:01.981 [info] [pet] configure: Sending configuration update: {"workspaceDirectories":["/home/ankur/portfolio"],"environmentDirectories":["/home/ankur/portfolio/**/.venv"],"pipenvExecutable":"pipenv","poetryExecutable":"poetry","cacheDirectory":"/home/ankur/.config/Code/User/globalStorage/ms-python.vscode-python-envs/pythonLocator"}
2026-04-21 12:07:02.070 [info] Discovered env: /usr/bin/python
2026-04-21 12:07:02.093 [info] [pet] Telemetry:  {"event":"RefreshPerformance","data":{"refreshPerformance":{"total":104,"breakdown":{"GlobalVirtualEnvs":0,"Locators":103,"Path":104,"Workspaces":0},"locators":{"Conda":103,"Homebrew":1,"LinuxGlobal":84,"PipEnv":0,"Pixi":0,"Poetry":0,"PyEnv":0,"Uv":0,"Venv":0,"VirtualEnv":0,"VirtualEnvWrapper":0}}}}
2026-04-21 12:07:02.094 [info] Python API: Changed environment from undefined to Python 3.14.3 for: /home/ankur/portfolio
2026-04-21 12:07:02.094 [info] Internal: Changed environment from undefined to Python 3.14.3 for: /home/ankur/portfolio
2026-04-21 12:07:02.199 [info] Discovered env: /usr/bin/python
2026-04-21 12:07:02.200 [info] Conda not found, turning off conda features. [Error: Conda not found
	at F (/home/ankur/.vscode/extensions/ms-python.vscode-python-envs-1.24.0-linux-x64/dist/extension.js:2:589558)
	at runNextTicks (node:internal/process/task_queues:64:5)
	at process.processImmediate (node:internal/timers:452:9)
	at async L (/home/ankur/.vscode/extensions/ms-python.vscode-python-envs-1.24.0-linux-x64/dist/extension.js:2:589683)
	at async t.registerCondaFeatures (/home/ankur/.vscode/extensions/ms-python.vscode-python-envs-1.24.0-linux-x64/dist/extension.js:2:609488)
	at async t.safeRegister (/home/ankur/.vscode/extensions/ms-python.vscode-python-envs-1.24.0-linux-x64/dist/extension.js:2:280467)
	at async Promise.all (index 1)
	at async Immediate.<anonymous> (/home/ankur/.vscode/extensions/ms-python.vscode-python-envs-1.24.0-linux-x64/dist/extension.js:2:733663)]
2026-04-21 12:07:02.201 [info] [pet] Telemetry:  {"event":"RefreshPerformance","data":{"refreshPerformance":{"total":101,"breakdown":{"GlobalVirtualEnvs":0,"Locators":87,"Path":101,"Workspaces":0},"locators":{"Conda":87,"Homebrew":0,"LinuxGlobal":86,"PipEnv":0,"Pixi":0,"Poetry":0,"PyEnv":0,"Uv":0,"Venv":0,"VirtualEnv":0,"VirtualEnvWrapper":0}}}}
2026-04-21 12:07:02.356 [info] Discovered env: /usr/bin/python
2026-04-21 12:07:02.373 [info] Pipenv not found
2026-04-21 12:07:02.373 [info] Pipenv not found, turning off pipenv features. If you have pipenv installed in a non-standard location, set the "python.pipenvPath" setting.
2026-04-21 12:07:02.456 [info] [pet] Telemetry:  {"event":"RefreshPerformance","data":{"refreshPerformance":{"total":92,"breakdown":{"GlobalVirtualEnvs":0,"Locators":82,"Path":92,"Workspaces":1},"locators":{"Conda":81,"Homebrew":0,"LinuxGlobal":80,"PipEnv":0,"Pixi":0,"Poetry":0,"PyEnv":0,"Uv":0,"Venv":0,"VirtualEnv":0,"VirtualEnvWrapper":0}}}}
2026-04-21 12:07:02.543 [info] Discovered env: /usr/bin/python
2026-04-21 12:07:02.550 [info] Poetry not found, turning off poetry features.
2026-04-21 12:07:02.552 [info] [pet] Telemetry:  {"event":"RefreshPerformance","data":{"refreshPerformance":{"total":93,"breakdown":{"GlobalVirtualEnvs":0,"Locators":80,"Path":93,"Workspaces":1},"locators":{"Conda":80,"Homebrew":0,"LinuxGlobal":79,"PipEnv":0,"Pixi":0,"Poetry":0,"PyEnv":0,"Uv":0,"Venv":0,"VirtualEnv":0,"VirtualEnvWrapper":0}}}}
2026-04-21 12:07:03.585 [info] Discovered env: /usr/bin/python
2026-04-21 12:07:03.630 [info] Pyenv not found, turning off pyenv features.
2026-04-21 12:07:03.632 [info] [interpreterSelection] Applying initial environment selection for 1 workspace folder(s)
2026-04-21 12:07:03.632 [info] [SYS_SET] scope=/home/ankur/portfolio, project=/home/ankur/portfolio, normalizedKey=/home/ankur/portfolio, env=Python 3.14.3-q2bhsoyy1vi
2026-04-21 12:07:03.682 [info] [pet] Telemetry:  {"event":"RefreshPerformance","data":{"refreshPerformance":{"total":90,"breakdown":{"GlobalVirtualEnvs":0,"Locators":76,"Path":90,"Workspaces":1},"locators":{"Conda":76,"Homebrew":0,"LinuxGlobal":75,"PipEnv":0,"Pixi":0,"Poetry":0,"PyEnv":0,"Uv":0,"Venv":0,"VirtualEnv":0,"VirtualEnvWrapper":0}}}}
2026-04-21 12:07:03.702 [info] [interpreterSelection] portfolio: Python 3.14.3 (source: autoDiscovery)
2026-04-21 12:07:03.729 [info] [interpreterSelection] global: Python 3.14.3 (source: autoDiscovery)
2026-04-21 12:07:03.734 [info] Environment discovery complete: 1 environments found (Global: 1)
2026-04-21 12:07:03.736 [info] Python API: Changed environment from undefined to Python 3.14.3 for: global
2026-04-21 12:07:03.736 [info] Internal: Changed environment from undefined to Python 3.14.3 for: global
2026-04-21 12:07:21.405 [info] Discovered env: /usr/bin/python
2026-04-21 12:07:21.449 [info] [pet] Telemetry:  {"event":"RefreshPerformance","data":{"refreshPerformance":{"total":91,"breakdown":{"GlobalVirtualEnvs":0,"Locators":80,"Path":90,"Workspaces":0},"locators":{"Conda":80,"Homebrew":0,"LinuxGlobal":75,"PipEnv":0,"Pixi":0,"Poetry":0,"PyEnv":0,"Uv":0,"Venv":0,"VirtualEnv":0,"VirtualEnvWrapper":0}}}}
2026-04-21 12:07:21.530 [info] Discovered env: /usr/bin/python
2026-04-21 12:07:21.549 [info] [pet] Telemetry:  {"event":"RefreshPerformance","data":{"refreshPerformance":{"total":91,"breakdown":{"GlobalVirtualEnvs":0,"Locators":80,"Path":91,"Workspaces":0},"locators":{"Conda":80,"Homebrew":0,"LinuxGlobal":78,"PipEnv":0,"Pixi":0,"Poetry":0,"PyEnv":0,"Uv":0,"Venv":0,"VirtualEnv":0,"VirtualEnvWrapper":0}}}}
2026-04-21 12:07:21.553 [info] Python API: Changed environment from Python 3.14.3 to Python 3.14.3 for: /home/ankur/portfolio
2026-04-21 12:07:21.553 [info] Internal: Changed environment from Python 3.14.3 to Python 3.14.3 for: /home/ankur/portfolio
2026-04-21 12:07:21.870 [info] Resolved Python Environment /usr/bin/python
2026-04-21 12:07:21.878 [info] Resolved Python Environment /usr/bin/python
2026-04-21 12:07:24.360 [info] Python API: Changed environment from Python 3.14.3 to Python 3.14.3 for: global
2026-04-21 12:07:24.360 [info] Internal: Changed environment from Python 3.14.3 to Python 3.14.3 for: global
